<?xml version="1.0" encoding="UTF-8"?>
<!-- Generated by org.testng.reporters.JUnitReportReporter -->
<testsuite skipped="0" hostname="DESKTOP-R5BIB3E" name="hptours.RESTApiTest" tests="2" failures="0" timestamp="30 Mar 2020 06:18:50 GMT" time="0.000" errors="0">
  <testcase name="PostJira" time="0.000" classname="hptours.RESTApiTest"/>
  <testcase name="deleteRecord" time="0.000" classname="hptours.RESTApiTest"/>
</testsuite> <!-- hptours.RESTApiTest -->
