<?xml version="1.0" encoding="UTF-8"?>
<!-- Generated by org.testng.reporters.JUnitReportReporter -->
<testsuite skipped="0" hostname="DESKTOP-R5BIB3E" name="hptours.AppiumTest" tests="2" failures="0" timestamp="30 Mar 2020 06:18:50 GMT" time="0.007" errors="0">
  <testcase name="AndriodApp" time="0.007" classname="hptours.AppiumTest"/>
  <testcase name="NativeApp" time="0.000" classname="hptours.AppiumTest"/>
</testsuite> <!-- hptours.AppiumTest -->
