<?xml version="1.0" encoding="UTF-8"?>
<!-- Generated by org.testng.reporters.JUnitReportReporter -->
<testsuite skipped="0" hostname="DESKTOP-R5BIB3E" name="hptours.SeleniumTest" tests="2" failures="0" timestamp="30 Mar 2020 06:18:50 GMT" time="0.001" errors="0">
  <testcase name="BrowserAutomation" time="0.000" classname="hptours.SeleniumTest"/>
  <testcase name="elementsUi" time="0.001" classname="hptours.SeleniumTest"/>
</testsuite> <!-- hptours.SeleniumTest -->
